#
# A fatal error has been detected by the Java Runtime Environment:
#
#  EXCEPTION_ACCESS_VIOLATION (0xc0000005) at pc=0x00007fff4cc86a87, pid=23260, tid=32120
#
# JRE version: OpenJDK Runtime Environment (17.0.2+8) (build 17.0.2+8-86)
# Java VM: OpenJDK 64-Bit Server VM (17.0.2+8-86, mixed mode, sharing, tiered, compressed oops, compressed class ptrs, g1 gc, windows-amd64)
# Problematic frame:
# C  [glass.dll+0x26a87]
#
# No core dump will be written. Minidumps are not enabled by default on client versions of Windows
#
# If you would like to submit a bug report, please visit:
#   https://bugreport.java.com/bugreport/crash.jsp
#

---------------  S U M M A R Y ------------

Command Line: -javaagent:C:\Program Files\JetBrains\IntelliJ IDEA 2021.3.2\lib\idea_rt.jar=49987:C:\Program Files\JetBrains\IntelliJ IDEA 2021.3.2\bin -Dfile.encoding=UTF-8 --module-path=C:\Users\strange\.m2\repository\com\fasterxml\jackson\datatype\jackson-datatype-jsr310\2.5.3\jackson-datatype-jsr310-2.5.3.jar;C:\Users\strange\Desktop\keepcode\target\classes;C:\Users\strange\.m2\repository\org\openjfx\javafx-base\17.0.1\javafx-base-17.0.1-win.jar;C:\Users\strange\.m2\repository\org\openjfx\javafx-controls\17.0.1\javafx-controls-17.0.1-win.jar;C:\Users\strange\.m2\repository\org\openjfx\javafx-graphics\17.0.1\javafx-graphics-17.0.1-win.jar;C:\Users\strange\.m2\repository\org\openjfx\javafx-fxml\17.0.1\javafx-fxml-17.0.1-win.jar;C:\Users\strange\.m2\repository\com\fasterxml\jackson\core\jackson-databind\2.5.3\jackson-databind-2.5.3.jar;C:\Users\strange\.m2\repository\com\fasterxml\jackson\core\jackson-annotations\2.5.0\jackson-annotations-2.5.0.jar;C:\Users\strange\.m2\repository\com\fasterxml\jackson\core\jackson-core\2.5.3\jackson-core-2.5.3.jar -Djdk.module.main=com.example.keepcode com.example.keepcode/com.example.keepcode.MainApplication

Host: Intel(R) Core(TM) i5-10400F CPU @ 2.90GHz, 12 cores, 15G,  Windows 11 , 64 bit Build 22621 (10.0.22621.1635)
Time: Sat May 27 05:31:29 2023 Central Asia Standard Time elapsed time: 29.142694 seconds (0d 0h 0m 29s)

---------------  T H R E A D  ---------------

Current thread (0x000001de782730c0):  VMThread "VM Thread" [stack: 0x0000002b24c00000,0x0000002b24d00000] [id=32120]

Stack: [0x0000002b24c00000,0x0000002b24d00000],  sp=0x0000002b24cff460,  free space=1021k
Native frames: (J=compiled Java code, j=interpreted, Vv=VM code, C=native code)
C  [glass.dll+0x26a87]


siginfo: EXCEPTION_ACCESS_VIOLATION (0xc0000005), reading address 0x0000000000000000


Register to memory mapping:

RIP=0x00007fff4cc86a87 glass.dll
RAX=0x0 is NULL
RBX=0x000001de78c07dd0 is a global jni handle
RCX=0x000001de782730c0 points into unknown readable memory: 0x00007ffef6fae880 | 80 e8 fa f6 fe 7f 00 00
RDX=0x0000002b24cff460 points into unknown readable memory: 0x0000000000000000 | 00 00 00 00 00 00 00 00
RSP=0x0000002b24cff460 points into unknown readable memory: 0x0000000000000000 | 00 00 00 00 00 00 00 00
RBP=0x000001de794d0c68 points into unknown readable memory: 0x0000319ecf916fd8 | d8 6f 91 cf 9e 31 00 00
RSI=0x0000002b24cff568 points into unknown readable memory: 0x0000002b24cff550 | 50 f5 cf 24 2b 00 00 00
RDI=0x000001de794d0c40 points into unknown readable memory: 0xff4cf9a0a3916fa7 | a7 6f 91 a3 a0 f9 4c ff
R8 =0x0000000000010002 is an unknown value
R9 =0x000001de794d0c40 points into unknown readable memory: 0xff4cf9a0a3916fa7 | a7 6f 91 a3 a0 f9 4c ff
R10=0x85f13e9656da4870 is an unknown value
R11=0x0000002b24cff3f0 points into unknown readable memory: 0x000001de794d0c40 | 40 0c 4d 79 de 01 00 00
R12=0x00007fff4cc84354 glass.dll
R13=0x00007ffef71549d0 jvm.dll
R14=0x0000319ecf916fd8 is an unknown value
R15=0x000001de794d0c40 points into unknown readable memory: 0xff4cf9a0a3916fa7 | a7 6f 91 a3 a0 f9 4c ff


Registers:
RAX=0x0000000000000000, RBX=0x000001de78c07dd0, RCX=0x000001de782730c0, RDX=0x0000002b24cff460
RSP=0x0000002b24cff460, RBP=0x000001de794d0c68, RSI=0x0000002b24cff568, RDI=0x000001de794d0c40
R8 =0x0000000000010002, R9 =0x000001de794d0c40, R10=0x85f13e9656da4870, R11=0x0000002b24cff3f0
R12=0x00007fff4cc84354, R13=0x00007ffef71549d0, R14=0x0000319ecf916fd8, R15=0x000001de794d0c40
RIP=0x00007fff4cc86a87, EFLAGS=0x0000000000010202

Top of Stack: (sp=0x0000002b24cff460)
0x0000002b24cff460:   0000000000000000 0000002b24cff568
0x0000002b24cff470:   00007ffef71549d0 00007fff4cc84354
0x0000002b24cff480:   000001de794d0c48 00007fff918d3a83
0x0000002b24cff490:   000001de794d0c40 000001de00000000
0x0000002b24cff4a0:   000001de794d0c68 0000002b24cff568
0x0000002b24cff4b0:   fffffffffffffffe 0000000000000000
0x0000002b24cff4c0:   0000000000000001 00007fff4cc60000
0x0000002b24cff4d0:   0000002b24cff558 00007fff918a006e
0x0000002b24cff4e0:   0000000000000000 0000002b24cff568
0x0000002b24cff4f0:   0000002b24cff850 0000000000000001
0x0000002b24cff500:   0000000000000001 00007fff9189da1d
0x0000002b24cff510:   0000000000000000 00007fff4cc83b4d
0x0000002b24cff520:   0000000000000000 0000002b24cff558
0x0000002b24cff530:   fffffffffffffffe 0000002b00000000
0x0000002b24cff540:   ffffffff00000001 00007fff4cc841e1
0x0000002b24cff550:   00007fff4cc9a138 00007fff00000002 

Instructions: (pc=0x00007fff4cc86a87)
0x00007fff4cc86987:   8b 4d 58 e8 01 cf ff ff 48 8b 4d 60 e8 f8 ce ff
0x00007fff4cc86997:   ff 48 8b 95 80 00 00 00 48 8b 8d 18 01 00 00 e8
0x00007fff4cc869a7:   c6 c3 ff ff 33 d2 33 c9 e8 3c e1 ff ff 90 48 89
0x00007fff4cc869b7:   54 24 10 55 48 83 ec 20 48 8b ea 48 b8 00 00 00
0x00007fff4cc869c7:   00 00 00 00 00 48 83 c4 20 5d c3 cc 40 55 48 8b
0x00007fff4cc869d7:   ea 48 8b 01 33 c9 81 38 05 00 00 c0 0f 94 c1 8b
0x00007fff4cc869e7:   c1 5d c3 cc 40 55 48 83 ec 20 48 8b ea 8a 4d 40
0x00007fff4cc869f7:   48 83 c4 20 5d e9 f7 d2 ff ff cc 40 55 48 83 ec
0x00007fff4cc86a07:   20 48 8b ea 8a 4d 20 e8 e5 d2 ff ff 90 48 83 c4
0x00007fff4cc86a17:   20 5d c3 cc 40 55 48 83 ec 20 48 8b ea 48 83 c4
0x00007fff4cc86a27:   20 5d e9 46 d1 ff ff cc 40 55 48 83 ec 30 48 8b
0x00007fff4cc86a37:   ea 48 8b 01 8b 10 48 89 4c 24 28 89 54 24 20 4c
0x00007fff4cc86a47:   8d 0d e7 d5 ff ff 4c 8b 45 70 8b 55 68 48 8b 4d
0x00007fff4cc86a57:   60 e8 87 d0 ff ff 90 48 83 c4 30 5d c3 cc cc cc
0x00007fff4cc86a67:   cc cc cc cc cc cc cc cc cc 40 53 48 83 ec 20 48
0x00007fff4cc86a77:   8b 1d b3 30 01 00 48 85 db 74 16 e8 09 8b ff ff
0x00007fff4cc86a87:   4c 8b 00 48 8b d3 48 8b c8 41 ff 90 b0 00 00 00
0x00007fff4cc86a97:   90 48 83 c4 20 5b c3 cc cc 40 53 48 83 ec 20 48
0x00007fff4cc86aa7:   8b 1d 2b 32 01 00 48 85 db 74 57 b8 ff ff ff ff
0x00007fff4cc86ab7:   f0 0f c1 43 10 83 f8 01 75 3d 48 85 db 74 38 48
0x00007fff4cc86ac7:   8b 0b 48 85 c9 74 0d ff 15 d4 07 00 00 48 c7 03
0x00007fff4cc86ad7:   00 00 00 00 48 8b 4b 08 48 85 c9 74 0d e8 a7 cd
0x00007fff4cc86ae7:   ff ff 48 c7 43 08 00 00 00 00 ba 18 00 00 00 48
0x00007fff4cc86af7:   8b cb e8 92 cd ff ff 48 c7 05 cf 31 01 00 00 00
0x00007fff4cc86b07:   00 00 48 83 c4 20 5b c3 cc 40 53 48 83 ec 20 48
0x00007fff4cc86b17:   8b 1d 9b 31 01 00 48 85 db 74 57 b8 ff ff ff ff
0x00007fff4cc86b27:   f0 0f c1 43 10 83 f8 01 75 3d 48 85 db 74 38 48
0x00007fff4cc86b37:   8b 0b 48 85 c9 74 0d ff 15 64 07 00 00 48 c7 03
0x00007fff4cc86b47:   00 00 00 00 48 8b 4b 08 48 85 c9 74 0d e8 37 cd
0x00007fff4cc86b57:   ff ff 48 c7 43 08 00 00 00 00 ba 18 00 00 00 48
0x00007fff4cc86b67:   8b cb e8 22 cd ff ff 48 c7 05 3f 31 01 00 00 00
0x00007fff4cc86b77:   00 00 48 83 c4 20 5b c3 cc 40 53 48 83 ec 20 48 


Stack slot to memory mapping:
stack at sp + 0 slots: 0x0 is NULL
stack at sp + 1 slots: 0x0000002b24cff568 points into unknown readable memory: 0x0000002b24cff550 | 50 f5 cf 24 2b 00 00 00
stack at sp + 2 slots: 0x00007ffef71549d0 jvm.dll
stack at sp + 3 slots: 0x00007fff4cc84354 glass.dll
stack at sp + 4 slots: 0x000001de794d0c48 points into unknown readable memory: 0x0000319ecf916fd8 | d8 6f 91 cf 9e 31 00 00
stack at sp + 5 slots: 0x00007fff918d3a83 ucrtbase.dll
stack at sp + 6 slots: 0x000001de794d0c40 points into unknown readable memory: 0xff4cf9a0a3916fa7 | a7 6f 91 a3 a0 f9 4c ff
stack at sp + 7 slots: 0x000001de00000000 points into unknown readable memory: 0x0000120200380000 | 00 00 38 00 02 12 00 00

VM_Operation (0x0000002b2737f2d0): Exit, mode: safepoint, requested by thread 0x000001de7e4123c0


---------------  P R O C E S S  ---------------

Threads class SMR info:
_java_thread_list=0x000001de7e4fa4c0, length=21, elements={
0x000001de551845e0, 0x000001de78276b50, 0x000001de78279710, 0x000001de78c11590,
0x000001de78c11e50, 0x000001de78c12710, 0x000001de78c159d0, 0x000001de78c21890,
0x000001de78c225a0, 0x000001de7825f4c0, 0x000001de790e1af0, 0x000001de79127ba0,
0x000001de79481980, 0x000001de79581d00, 0x000001de79589390, 0x000001de7958be20,
0x000001de7e2178a0, 0x000001de7e414570, 0x000001de7e411ef0, 0x000001de7e4140a0,
0x000001de7e4123c0
}

Java Threads: ( => current thread )
  0x000001de551845e0 JavaThread "main" [_thread_blocked, id=24840, stack(0x0000002b24600000,0x0000002b24700000)]
  0x000001de78276b50 JavaThread "Reference Handler" daemon [_thread_blocked, id=21188, stack(0x0000002b24d00000,0x0000002b24e00000)]
  0x000001de78279710 JavaThread "Finalizer" daemon [_thread_blocked, id=29416, stack(0x0000002b24e00000,0x0000002b24f00000)]
  0x000001de78c11590 JavaThread "Attach Listener" daemon [_thread_blocked, id=25188, stack(0x0000002b25000000,0x0000002b25100000)]
  0x000001de78c11e50 JavaThread "Service Thread" daemon [_thread_blocked, id=32856, stack(0x0000002b25100000,0x0000002b25200000)]
  0x000001de78c12710 JavaThread "Monitor Deflation Thread" daemon [_thread_blocked, id=13212, stack(0x0000002b25200000,0x0000002b25300000)]
  0x000001de78c159d0 JavaThread "C2 CompilerThread0" daemon [_thread_blocked, id=19804, stack(0x0000002b25300000,0x0000002b25400000)]
  0x000001de78c21890 JavaThread "C1 CompilerThread0" daemon [_thread_blocked, id=26264, stack(0x0000002b25400000,0x0000002b25500000)]
  0x000001de78c225a0 JavaThread "Sweeper thread" daemon [_thread_blocked, id=14244, stack(0x0000002b25500000,0x0000002b25600000)]
  0x000001de7825f4c0 JavaThread "Common-Cleaner" daemon [_thread_blocked, id=33972, stack(0x0000002b25600000,0x0000002b25700000)]
  0x000001de790e1af0 JavaThread "Monitor Ctrl-Break" daemon [_thread_in_native, id=26536, stack(0x0000002b25900000,0x0000002b25a00000)]
  0x000001de79127ba0 JavaThread "Notification Thread" daemon [_thread_blocked, id=33288, stack(0x0000002b25a00000,0x0000002b25b00000)]
  0x000001de79481980 JavaThread "QuantumRenderer-0" daemon [_thread_blocked, id=24816, stack(0x0000002b25c00000,0x0000002b25d00000)]
  0x000001de79581d00 JavaThread "InvokeLaterDispatcher" daemon [_thread_blocked, id=28180, stack(0x0000002b25e00000,0x0000002b25f00000)]
  0x000001de79589390 JavaThread "JavaFX Application Thread" [_thread_in_native, id=7580, stack(0x0000002b25f00000,0x0000002b26000000)]
  0x000001de7958be20 JavaThread "JavaFX-Launcher" [_thread_blocked, id=35424, stack(0x0000002b25800000,0x0000002b25900000)]
  0x000001de7e2178a0 JavaThread "Thread-2" daemon [_thread_in_native, id=7172, stack(0x0000002b25700000,0x0000002b25800000)]
  0x000001de7e414570 JavaThread "Prism Font Disposer" daemon [_thread_blocked, id=32500, stack(0x0000002b26a00000,0x0000002b26b00000)]
  0x000001de7e411ef0 JavaThread "Cleaner-0" daemon [_thread_blocked, id=10540, stack(0x0000002b26b60000,0x0000002b26c60000)]
  0x000001de7e4140a0 JavaThread "Keep-Alive-Timer" daemon [_thread_blocked, id=6684, stack(0x0000002b26f70000,0x0000002b27070000)]
  0x000001de7e4123c0 JavaThread "SIGINT handler" daemon [_thread_blocked, id=33576, stack(0x0000002b27280000,0x0000002b27380000)]

Other Threads:
=>0x000001de782730c0 VMThread "VM Thread" [stack: 0x0000002b24c00000,0x0000002b24d00000] [id=32120]
  0x000001de551d30e0 GCTaskThread "GC Thread#0" [stack: 0x0000002b24700000,0x0000002b24800000] [id=17308]
  0x000001de7e1e97f0 GCTaskThread "GC Thread#1" [stack: 0x0000002b26100000,0x0000002b26200000] [id=13808]
  0x000001de797fd040 GCTaskThread "GC Thread#2" [stack: 0x0000002b26200000,0x0000002b26300000] [id=27044]
  0x000001de7e2e6850 GCTaskThread "GC Thread#3" [stack: 0x0000002b26300000,0x0000002b26400000] [id=33660]
  0x000001de7e2e7310 GCTaskThread "GC Thread#4" [stack: 0x0000002b26400000,0x0000002b26500000] [id=23480]
  0x000001de7e2e8080 GCTaskThread "GC Thread#5" [stack: 0x0000002b26500000,0x0000002b26600000] [id=30184]
  0x000001de7e2e7870 GCTaskThread "GC Thread#6" [stack: 0x0000002b26600000,0x0000002b26700000] [id=34416]
  0x000001de7e2e6b00 GCTaskThread "GC Thread#7" [stack: 0x0000002b26c70000,0x0000002b26d70000] [id=32908]
  0x000001de7e2e7b20 GCTaskThread "GC Thread#8" [stack: 0x0000002b26d70000,0x0000002b26e70000] [id=29528]
  0x000001de7e2e8330 GCTaskThread "GC Thread#9" [stack: 0x0000002b26e70000,0x0000002b26f70000] [id=2568]
  0x000001de551e3de0 ConcurrentGCThread "G1 Main Marker" terminated
  0x000001de551e6810 ConcurrentGCThread "G1 Conc#0" [stack: 0x0000002b24900000,0x0000002b24a00000] [id=32720]
  0x000001de7e9d1930 ConcurrentGCThread "G1 Conc#1" [stack: 0x0000002b27070000,0x0000002b27170000] [id=34152]
  0x000001de7e9d1be0 ConcurrentGCThread "G1 Conc#2" [stack: 0x0000002b27170000,0x0000002b27270000] [id=31988]
  0x000001de5524eb60 ConcurrentGCThread "G1 Refine#0" terminated
  0x000001de7812c700 ConcurrentGCThread "G1 Service" terminated

Threads with active compile tasks:

VM state: at safepoint (shutting down)

VM Mutex/Monitor currently owned by a thread:  ([mutex/lock_event])
[0x000001de5517ff40] Threads_lock - owner thread: 0x000001de782730c0
[0x000001de5517fb50] Heap_lock - owner thread: 0x000001de7e4123c0

Heap address: 0x0000000702400000, size: 4060 MB, Compressed Oops mode: Zero based, Oop shift amount: 3

CDS archive(s) mapped at: [0x0000000800000000-0x0000000800bc0000-0x0000000800bc0000), size 12320768, SharedBaseAddress: 0x0000000800000000, ArchiveRelocationMode: 0.
Compressed class space mapped at: 0x0000000800c00000-0x0000000840c00000, reserved size: 1073741824
Narrow klass base: 0x0000000800000000, Narrow klass shift: 0, Narrow klass range: 0x100000000

GC Precious Log:
 CPUs: 12 total, 12 available
 Memory: 16239M
 Large Page Support: Disabled
 NUMA Support: Disabled
 Compressed Oops: Enabled (Zero based)
 Heap Region Size: 2M
 Heap Min Capacity: 8M
 Heap Initial Capacity: 254M
 Heap Max Capacity: 4060M
 Pre-touch: Disabled
 Parallel Workers: 10
 Concurrent Workers: 3
 Concurrent Refinement Workers: 10
 Periodic GC: Disabled

Heap:
 garbage-first heap   total 55296K, used 32575K [0x0000000702400000, 0x0000000800000000)
  region size 2048K, 16 young (32768K), 5 survivors (10240K)
 Metaspace       used 23978K, committed 24256K, reserved 1073152K
  class space    used 3006K, committed 3136K, reserved 1048576K

Heap Regions: E=young(eden), S=young(survivor), O=old, HS=humongous(starts), HC=humongous(continues), CS=collection set, F=free, OA=open archive, CA=closed archive, TAMS=top-at-mark-start (previous, next)
|   0|0x0000000702400000, 0x0000000702600000, 0x0000000702600000|100%|HS|  |TAMS 0x0000000702600000, 0x0000000702400000| Complete 
|   1|0x0000000702600000, 0x000000070274e600, 0x0000000702800000| 65%| O|  |TAMS 0x000000070274e600, 0x0000000702600000| Complete 
|   2|0x0000000702800000, 0x0000000702800000, 0x0000000702a00000|  0%| F|  |TAMS 0x0000000702800000, 0x0000000702800000| Untracked 
|   3|0x0000000702a00000, 0x0000000702a00000, 0x0000000702c00000|  0%| F|  |TAMS 0x0000000702a00000, 0x0000000702a00000| Untracked 
|   4|0x0000000702c00000, 0x0000000702c00000, 0x0000000702e00000|  0%| F|  |TAMS 0x0000000702c00000, 0x0000000702c00000| Untracked 
|   5|0x0000000702e00000, 0x0000000702e00000, 0x0000000703000000|  0%| F|  |TAMS 0x0000000702e00000, 0x0000000702e00000| Untracked 
|   6|0x0000000703000000, 0x0000000703000000, 0x0000000703200000|  0%| F|  |TAMS 0x0000000703000000, 0x0000000703000000| Untracked 
|   7|0x0000000703200000, 0x0000000703200000, 0x0000000703400000|  0%| F|  |TAMS 0x0000000703200000, 0x0000000703200000| Untracked 
|   8|0x0000000703400000, 0x0000000703400000, 0x0000000703600000|  0%| F|  |TAMS 0x0000000703400000, 0x0000000703400000| Untracked 
|   9|0x0000000703600000, 0x0000000703600000, 0x0000000703800000|  0%| F|  |TAMS 0x0000000703600000, 0x0000000703600000| Untracked 
|  10|0x0000000703800000, 0x0000000703800000, 0x0000000703a00000|  0%| F|  |TAMS 0x0000000703800000, 0x0000000703800000| Untracked 
|  11|0x0000000703a00000, 0x0000000703a2d930, 0x0000000703c00000|  8%| E|  |TAMS 0x0000000703a00000, 0x0000000703a00000| Complete 
|  12|0x0000000703c00000, 0x0000000703e00000, 0x0000000703e00000|100%| E|CS|TAMS 0x0000000703c00000, 0x0000000703c00000| Complete 
|  13|0x0000000703e00000, 0x0000000704000000, 0x0000000704000000|100%| E|CS|TAMS 0x0000000703e00000, 0x0000000703e00000| Complete 
|  14|0x0000000704000000, 0x0000000704200000, 0x0000000704200000|100%| E|CS|TAMS 0x0000000704000000, 0x0000000704000000| Complete 
|  15|0x0000000704200000, 0x0000000704400000, 0x0000000704400000|100%| E|CS|TAMS 0x0000000704200000, 0x0000000704200000| Complete 
|  16|0x0000000704400000, 0x0000000704600000, 0x0000000704600000|100%| E|CS|TAMS 0x0000000704400000, 0x0000000704400000| Complete 
|  17|0x0000000704600000, 0x0000000704800000, 0x0000000704800000|100%| E|CS|TAMS 0x0000000704600000, 0x0000000704600000| Complete 
|  18|0x0000000704800000, 0x0000000704a00000, 0x0000000704a00000|100%| E|CS|TAMS 0x0000000704800000, 0x0000000704800000| Complete 
|  19|0x0000000704a00000, 0x0000000704c00000, 0x0000000704c00000|100%| E|CS|TAMS 0x0000000704a00000, 0x0000000704a00000| Complete 
|  20|0x0000000704c00000, 0x0000000704e00000, 0x0000000704e00000|100%| E|CS|TAMS 0x0000000704c00000, 0x0000000704c00000| Complete 
| 113|0x0000000710600000, 0x0000000710681700, 0x0000000710800000| 25%| S|CS|TAMS 0x0000000710600000, 0x0000000710600000| Complete 
| 114|0x0000000710800000, 0x0000000710a00000, 0x0000000710a00000|100%| S|CS|TAMS 0x0000000710800000, 0x0000000710800000| Complete 
| 115|0x0000000710a00000, 0x0000000710c00000, 0x0000000710c00000|100%| S|CS|TAMS 0x0000000710a00000, 0x0000000710a00000| Complete 
| 116|0x0000000710c00000, 0x0000000710e00000, 0x0000000710e00000|100%| S|CS|TAMS 0x0000000710c00000, 0x0000000710c00000| Complete 
| 117|0x0000000710e00000, 0x0000000711000000, 0x0000000711000000|100%| S|CS|TAMS 0x0000000710e00000, 0x0000000710e00000| Complete 
| 126|0x0000000712000000, 0x0000000712200000, 0x0000000712200000|100%| E|CS|TAMS 0x0000000712000000, 0x0000000712000000| Complete 

Card table byte_map: [0x000001de6c700000,0x000001de6cef0000] _byte_map_base: 0x000001de68eee000

Marking Bits (Prev, Next): (CMBitMap*) 0x000001de551d3730, (CMBitMap*) 0x000001de551d36f0
 Prev Bits: [0x000001de71650000, 0x000001de755c0000)
 Next Bits: [0x000001de6d6e0000, 0x000001de71650000)

Polling page: 0x000001de53140000

Metaspace:

Usage:
  Non-class:     20.48 MB used.
      Class:      2.94 MB used.
       Both:     23.42 MB used.

Virtual space:
  Non-class space:       24.00 MB reserved,      20.62 MB ( 86%) committed,  3 nodes.
      Class space:        1.00 GB reserved,       3.06 MB ( <1%) committed,  1 nodes.
             Both:        1.02 GB reserved,      23.69 MB (  2%) committed. 

Chunk freelists:
   Non-Class:  2.91 MB
       Class:  941.00 KB
        Both:  3.83 MB

MaxMetaspaceSize: unlimited
CompressedClassSpaceSize: 1.00 GB
Initial GC threshold: 21.00 MB
Current GC threshold: 35.12 MB
CDS: on
MetaspaceReclaimPolicy: balanced
 - commit_granule_bytes: 65536.
 - commit_granule_words: 8192.
 - virtual_space_node_default_size: 1048576.
 - enlarge_chunks_in_place: 1.
 - new_chunks_are_fully_committed: 0.
 - uncommit_free_chunks: 1.
 - use_allocation_guard: 0.
 - handle_deallocations: 1.


Internal statistics:

num_allocs_failed_limit: 3.
num_arena_births: 266.
num_arena_deaths: 0.
num_vsnodes_births: 4.
num_vsnodes_deaths: 0.
num_space_committed: 379.
num_space_uncommitted: 0.
num_chunks_returned_to_freelist: 3.
num_chunks_taken_from_freelist: 899.
num_chunk_merges: 3.
num_chunk_splits: 623.
num_chunks_enlarged: 466.
num_purges: 0.
num_inconsistent_stats: 0.

CodeHeap 'non-profiled nmethods': size=120000Kb used=1532Kb max_used=1532Kb free=118467Kb
 bounds [0x000001de64490000, 0x000001de64700000, 0x000001de6b9c0000]
CodeHeap 'profiled nmethods': size=120000Kb used=7464Kb max_used=7464Kb free=112535Kb
 bounds [0x000001de5cf60000, 0x000001de5d6b0000, 0x000001de64490000]
CodeHeap 'non-nmethods': size=5760Kb used=1492Kb max_used=1606Kb free=4267Kb
 bounds [0x000001de5c9c0000, 0x000001de5cc30000, 0x000001de5cf60000]
 total_blobs=4701 nmethods=3837 adapters=775
 compilation: enabled
              stopped_count=0, restarted_count=0
 full_count=0

Compilation events (20 events):
Event: 25.835 Thread 0x000001de78c159d0 3826       4       jdk.internal.reflect.ClassFileAssembler::emitConstantPoolUTF8 (50 bytes)
Event: 25.842 Thread 0x000001de78c21890 3830       3       java.util.ArrayList::<init> (63 bytes)
Event: 25.842 Thread 0x000001de78c21890 nmethod 3830 0x000001de5d6a5a90 code [0x000001de5d6a5c80, 0x000001de5d6a6238]
Event: 25.842 Thread 0x000001de78c21890 3831       3       javafx.beans.property.ReadOnlyObjectWrapper$ReadOnlyPropertyImpl::<init> (10 bytes)
Event: 25.843 Thread 0x000001de78c21890 nmethod 3831 0x000001de5d6a6410 code [0x000001de5d6a65c0, 0x000001de5d6a68b8]
Event: 25.843 Thread 0x000001de78c21890 3832       3       javafx.collections.ModifiableObservableListBase$SubObservableList::iterator (10 bytes)
Event: 25.843 Thread 0x000001de78c21890 nmethod 3832 0x000001de5d6a6a10 code [0x000001de5d6a6bc0, 0x000001de5d6a6da8]
Event: 25.843 Thread 0x000001de78c21890 3833       3       java.util.AbstractList$SubList::iterator (5 bytes)
Event: 25.843 Thread 0x000001de78c21890 nmethod 3833 0x000001de5d6a6e90 code [0x000001de5d6a70a0, 0x000001de5d6a7758]
Event: 25.843 Thread 0x000001de78c21890 3834       3       java.util.AbstractList$SubList::listIterator (19 bytes)
Event: 25.844 Thread 0x000001de78c21890 nmethod 3834 0x000001de5d6a7a10 code [0x000001de5d6a7c00, 0x000001de5d6a8118]
Event: 25.844 Thread 0x000001de78c21890 3835       3       java.util.AbstractList$SubList::checkForComodification (23 bytes)
Event: 25.844 Thread 0x000001de78c21890 nmethod 3835 0x000001de5d6a8310 code [0x000001de5d6a84c0, 0x000001de5d6a86e8]
Event: 25.844 Thread 0x000001de78c21890 3836       3       java.util.AbstractList$SubList::rangeCheckForAdd (26 bytes)
Event: 25.844 Thread 0x000001de78c159d0 nmethod 3826 0x000001de6460de90 code [0x000001de6460e0a0, 0x000001de6460eab0]
Event: 25.844 Thread 0x000001de78c21890 nmethod 3836 0x000001de5d6a8810 code [0x000001de5d6a8a40, 0x000001de5d6a90c8]
Event: 25.844 Thread 0x000001de78c21890 3838       3       java.lang.StringUTF16::getChars (42 bytes)
Event: 25.845 Thread 0x000001de78c21890 nmethod 3838 0x000001de5d6a9390 code [0x000001de5d6a9560, 0x000001de5d6a98a8]
Event: 25.845 Thread 0x000001de78c21890 3837       3       java.util.AbstractList$SubList$1::<init> (41 bytes)
Event: 25.845 Thread 0x000001de78c21890 nmethod 3837 0x000001de5d6a9a90 code [0x000001de5d6a9c40, 0x000001de5d6a9f68]

GC Heap History (6 events):
Event: 0.541 GC heap before
{Heap before GC invocations=0 (full 0):
 garbage-first heap   total 260096K, used 20480K [0x0000000702400000, 0x0000000800000000)
  region size 2048K, 11 young (22528K), 0 survivors (0K)
 Metaspace       used 5190K, committed 5376K, reserved 1056768K
  class space    used 609K, committed 704K, reserved 1048576K
}
Event: 0.543 GC heap after
{Heap after GC invocations=1 (full 0):
 garbage-first heap   total 260096K, used 2794K [0x0000000702400000, 0x0000000800000000)
  region size 2048K, 2 young (4096K), 2 survivors (4096K)
 Metaspace       used 5190K, committed 5376K, reserved 1056768K
  class space    used 609K, committed 704K, reserved 1048576K
}
Event: 2.234 GC heap before
{Heap before GC invocations=1 (full 0):
 garbage-first heap   total 260096K, used 39658K [0x0000000702400000, 0x0000000800000000)
  region size 2048K, 19 young (38912K), 2 survivors (4096K)
 Metaspace       used 14489K, committed 14784K, reserved 1064960K
  class space    used 1878K, committed 2048K, reserved 1048576K
}
Event: 2.239 GC heap after
{Heap after GC invocations=2 (full 0):
 garbage-first heap   total 260096K, used 9529K [0x0000000702400000, 0x0000000800000000)
  region size 2048K, 3 young (6144K), 3 survivors (6144K)
 Metaspace       used 14489K, committed 14784K, reserved 1064960K
  class space    used 1878K, committed 2048K, reserved 1048576K
}
Event: 2.821 GC heap before
{Heap before GC invocations=2 (full 0):
 garbage-first heap   total 260096K, used 25913K [0x0000000702400000, 0x0000000800000000)
  region size 2048K, 12 young (24576K), 3 survivors (6144K)
 Metaspace       used 21290K, committed 21504K, reserved 1073152K
  class space    used 2685K, committed 2816K, reserved 1048576K
}
Event: 2.824 GC heap after
{Heap after GC invocations=3 (full 0):
 garbage-first heap   total 260096K, used 12095K [0x0000000702400000, 0x0000000800000000)
  region size 2048K, 5 young (10240K), 5 survivors (10240K)
 Metaspace       used 21290K, committed 21504K, reserved 1073152K
  class space    used 2685K, committed 2816K, reserved 1048576K
}

Deoptimization events (20 events):
Event: 16.008 Thread 0x000001de79589390 DEOPT PACKING pc=0x000001de645eb910 sp=0x0000002b25ff7250
Event: 16.008 Thread 0x000001de79589390 DEOPT UNPACKING pc=0x000001de5ca123a3 sp=0x0000002b25ff71f8 mode 2
Event: 16.008 Thread 0x000001de79589390 Uncommon trap: trap_request=0xffffffd6 fr.pc=0x000001de645eb910 relative=0x0000000000000250
Event: 16.008 Thread 0x000001de79589390 Uncommon trap: reason=array_check action=maybe_recompile pc=0x000001de645eb910 method=javafx.css.SimpleSelector.applies(Ljavafx/css/Styleable;[Ljava/util/Set;I)Z @ 37 c2
Event: 16.008 Thread 0x000001de79589390 DEOPT PACKING pc=0x000001de645eb910 sp=0x0000002b25ff7770
Event: 16.008 Thread 0x000001de79589390 DEOPT UNPACKING pc=0x000001de5ca123a3 sp=0x0000002b25ff7718 mode 2
Event: 16.008 Thread 0x000001de79589390 Uncommon trap: trap_request=0xffffffd6 fr.pc=0x000001de645eb910 relative=0x0000000000000250
Event: 16.008 Thread 0x000001de79589390 Uncommon trap: reason=array_check action=maybe_recompile pc=0x000001de645eb910 method=javafx.css.SimpleSelector.applies(Ljavafx/css/Styleable;[Ljava/util/Set;I)Z @ 37 c2
Event: 16.008 Thread 0x000001de79589390 DEOPT PACKING pc=0x000001de645eb910 sp=0x0000002b25ff7770
Event: 16.008 Thread 0x000001de79589390 DEOPT UNPACKING pc=0x000001de5ca123a3 sp=0x0000002b25ff7718 mode 2
Event: 16.022 Thread 0x000001de79589390 Uncommon trap: trap_request=0xffffffd6 fr.pc=0x000001de645eef20 relative=0x00000000000011a0
Event: 16.022 Thread 0x000001de79589390 Uncommon trap: reason=array_check action=maybe_recompile pc=0x000001de645eef20 method=javafx.css.SimpleSelector.applies(Ljavafx/css/Styleable;[Ljava/util/Set;I)Z @ 37 c2
Event: 16.022 Thread 0x000001de79589390 DEOPT PACKING pc=0x000001de645eef20 sp=0x0000002b25ff6f10
Event: 16.022 Thread 0x000001de79589390 DEOPT UNPACKING pc=0x000001de5ca123a3 sp=0x0000002b25ff6e70 mode 2
Event: 18.903 Thread 0x000001de79589390 Uncommon trap: trap_request=0xffffff45 fr.pc=0x000001de645e4f8c relative=0x00000000000001ac
Event: 18.903 Thread 0x000001de79589390 Uncommon trap: reason=unstable_if action=reinterpret pc=0x000001de645e4f8c method=javafx.scene.Node.getLocalBounds(Lcom/sun/javafx/geom/BaseBounds;Lcom/sun/javafx/geom/transform/BaseTransform;)Lcom/sun/javafx/geom/BaseBounds; @ 4 c2
Event: 18.903 Thread 0x000001de79589390 DEOPT PACKING pc=0x000001de645e4f8c sp=0x0000002b25ff5760
Event: 18.903 Thread 0x000001de79589390 DEOPT UNPACKING pc=0x000001de5ca123a3 sp=0x0000002b25ff56f8 mode 2
Event: 20.075 Thread 0x000001de79589390 DEOPT PACKING pc=0x000001de5d35043e sp=0x0000002b25ff50b0
Event: 20.075 Thread 0x000001de79589390 DEOPT UNPACKING pc=0x000001de5ca12b43 sp=0x0000002b25ff44e0 mode 0

Classes unloaded (0 events):
No events

Classes redefined (0 events):
No events

Internal exceptions (20 events):
Event: 0.830 Thread 0x000001de79589390 Exception <a 'java/lang/NoSuchMethodError'{0x0000000710df0258}: 'java.lang.Object java.lang.invoke.DirectMethodHandle$Holder.newInvokeSpecial(java.lang.Object, java.lang.Object, int)'> (0x0000000710df0258) 
thrown [t:\workspace\open\src\hotspot\share\interpreter\linkResolver.cpp, line 766]
Event: 0.844 Thread 0x000001de79481980 Exception <a 'java/lang/NoSuchMethodError'{0x00000007106d5f98}: 'int java.lang.invoke.DirectMethodHandle$Holder.invokeStaticInit(java.lang.Object, java.lang.Object)'> (0x00000007106d5f98) 
thrown [t:\workspace\open\src\hotspot\share\interpreter\linkResolver.cpp, line 766]
Event: 2.102 Thread 0x000001de79589390 Exception <a 'java/lang/NoSuchMethodError'{0x00000007103dd5b8}: 'long java.lang.invoke.DirectMethodHandle$Holder.invokeStatic(java.lang.Object, java.lang.Object, java.lang.Object)'> (0x00000007103dd5b8) 
thrown [t:\workspace\open\src\hotspot\share\interpreter\linkResolver.cpp, line 766]
Event: 2.102 Thread 0x000001de79589390 Exception <a 'java/lang/NoSuchMethodError'{0x00000007103e0d60}: 'long java.lang.invoke.DirectMethodHandle$Holder.invokeStaticInit(java.lang.Object, java.lang.Object, java.lang.Object)'> (0x00000007103e0d60) 
thrown [t:\workspace\open\src\hotspot\share\interpreter\linkResolver.cpp, line 766]
Event: 2.103 Thread 0x000001de79589390 Exception <a 'java/lang/NoSuchMethodError'{0x00000007103f8968}: 'java.lang.Object java.lang.invoke.DirectMethodHandle$Holder.newInvokeSpecial(java.lang.Object, java.lang.Object, long)'> (0x00000007103f8968) 
thrown [t:\workspace\open\src\hotspot\share\interpreter\linkResolver.cpp, line 766]
Event: 2.104 Thread 0x000001de79589390 Exception <a 'java/lang/NoSuchMethodError'{0x00000007103fc4d8}: 'java.lang.Object java.lang.invoke.Invokers$Holder.linkToTargetMethod(java.lang.Object, long, java.lang.Object)'> (0x00000007103fc4d8) 
thrown [t:\workspace\open\src\hotspot\share\interpreter\linkResolver.cpp, line 766]
Event: 2.274 Thread 0x000001de79589390 Exception <a 'sun/nio/fs/WindowsException'{0x0000000711ff5398}> (0x0000000711ff5398) 
thrown [t:\workspace\open\src\hotspot\share\prims\jni.cpp, line 516]
Event: 2.300 Thread 0x000001de79589390 Exception <a 'sun/nio/fs/WindowsException'{0x0000000711cd5b10}> (0x0000000711cd5b10) 
thrown [t:\workspace\open\src\hotspot\share\prims\jni.cpp, line 516]
Event: 2.305 Thread 0x000001de79589390 Exception <a 'java/lang/NoSuchMethodError'{0x0000000711cf5020}: 'int java.lang.invoke.DirectMethodHandle$Holder.invokeStatic(java.lang.Object, java.lang.Object, java.lang.Object, java.lang.Object)'> (0x0000000711cf5020) 
thrown [t:\workspace\open\src\hotspot\share\interpreter\linkResolver.cpp, line 766]
Event: 2.305 Thread 0x000001de79589390 Exception <a 'java/lang/NoSuchMethodError'{0x0000000711cf8d78}: 'int java.lang.invoke.DirectMethodHandle$Holder.invokeStaticInit(java.lang.Object, java.lang.Object, java.lang.Object, java.lang.Object)'> (0x0000000711cf8d78) 
thrown [t:\workspace\open\src\hotspot\share\interpreter\linkResolver.cpp, line 766]
Event: 2.305 Thread 0x000001de79589390 Exception <a 'java/lang/IncompatibleClassChangeError'{0x0000000711d02388}: Found class java.lang.Object, but interface was expected> (0x0000000711d02388) 
thrown [t:\workspace\open\src\hotspot\share\interpreter\linkResolver.cpp, line 833]
Event: 2.361 Thread 0x000001de79589390 Exception <a 'java/lang/NoSuchMethodError'{0x0000000711685438}: 'java.lang.Object java.lang.invoke.DirectMethodHandle$Holder.invokeStaticInit(java.lang.Object, int, int, int, int)'> (0x0000000711685438) 
thrown [t:\workspace\open\src\hotspot\share\interpreter\linkResolver.cpp, line 766]
Event: 2.403 Thread 0x000001de79589390 Exception <a 'java/lang/NoSuchMethodError'{0x0000000711725520}: 'java.lang.Object java.lang.invoke.DirectMethodHandle$Holder.invokeStaticInit(java.lang.Object, java.lang.Object, int, int, int, int)'> (0x0000000711725520) 
thrown [t:\workspace\open\src\hotspot\share\interpreter\linkResolver.cpp, line 766]
Event: 2.870 Thread 0x000001de79589390 Exception <a 'java/lang/ClassNotFoundException'{0x0000000704c9f928}: com/sun/javafx/scene/control/skin/resources/controls> (0x0000000704c9f928) 
thrown [t:\workspace\open\src\hotspot\share\prims\jni.cpp, line 535]
Event: 2.870 Thread 0x000001de79589390 Exception <a 'java/lang/ClassNotFoundException'{0x0000000704cadb98}: com/sun/javafx/scene/control/skin/resources/controls_en> (0x0000000704cadb98) 
thrown [t:\workspace\open\src\hotspot\share\prims\jni.cpp, line 535]
Event: 2.871 Thread 0x000001de79589390 Exception <a 'java/lang/ClassNotFoundException'{0x0000000704caee00}: com/sun/javafx/scene/control/skin/resources/controls_en_US> (0x0000000704caee00) 
thrown [t:\workspace\open\src\hotspot\share\prims\jni.cpp, line 535]
Event: 2.899 Thread 0x000001de79589390 Exception <a 'java/lang/NoSuchMethodError'{0x0000000704b7a6d8}: 'int java.lang.invoke.DirectMethodHandle$Holder.invokeSpecial(java.lang.Object, java.lang.Object, int)'> (0x0000000704b7a6d8) 
thrown [t:\workspace\open\src\hotspot\share\interpreter\linkResolver.cpp, line 766]
Event: 23.400 Thread 0x000001de79589390 Exception <a 'java/lang/NoSuchMethodError'{0x0000000703ff1610}: 'java.lang.Object java.lang.invoke.DirectMethodHandle$Holder.newInvokeSpecial(java.lang.Object, java.lang.Object, int, int, int, int, int, java.lang.Object)'> (0x0000000703ff1610) 
thrown [t:\workspace\open\src\hotspot\share\interpreter\linkResolver.cpp, line 766]
Event: 23.401 Thread 0x000001de79589390 Exception <a 'java/lang/NoSuchMethodError'{0x0000000703c057e8}: 'java.lang.Object java.lang.invoke.DirectMethodHandle$Holder.newInvokeSpecial(java.lang.Object, java.lang.Object, java.lang.Object, int, int, int, int, int)'> (0x0000000703c057e8) 
thrown [t:\workspace\open\src\hotspot\share\interpreter\linkResolver.cpp, line 766]
Event: 23.401 Thread 0x000001de79589390 Exception <a 'java/lang/NoSuchMethodError'{0x0000000703c0dd90}: 'java.lang.Object java.lang.invoke.Invokers$Holder.linkToTargetMethod(java.lang.Object, java.lang.Object, int, int, int, int, int, java.lang.Object)'> (0x0000000703c0dd90) 
thrown [t:\workspace\open\src\hotspot\share\interpreter\linkResolver.cpp, line 766]

VM Operations (20 events):
Event: 11.972 Executing VM operation: Cleanup done
Event: 15.974 Executing VM operation: Cleanup
Event: 15.974 Executing VM operation: Cleanup done
Event: 16.975 Executing VM operation: Cleanup
Event: 16.975 Executing VM operation: Cleanup done
Event: 17.975 Executing VM operation: Cleanup
Event: 17.976 Executing VM operation: Cleanup done
Event: 18.976 Executing VM operation: Cleanup
Event: 18.977 Executing VM operation: Cleanup done
Event: 19.977 Executing VM operation: Cleanup
Event: 19.977 Executing VM operation: Cleanup done
Event: 21.978 Executing VM operation: Cleanup
Event: 21.978 Executing VM operation: Cleanup done
Event: 22.978 Executing VM operation: Cleanup
Event: 22.978 Executing VM operation: Cleanup done
Event: 23.979 Executing VM operation: Cleanup
Event: 23.979 Executing VM operation: Cleanup done
Event: 25.979 Executing VM operation: Cleanup
Event: 25.979 Executing VM operation: Cleanup done
Event: 28.801 Executing VM operation: Exit

Events (20 events):
Event: 3.963 Thread 0x000001de7e982ac0 Thread added: 0x000001de7e982ac0
Event: 3.963 Thread 0x000001de7e983f00 Thread added: 0x000001de7e983f00
Event: 4.106 Thread 0x000001de7e983f00 Thread exited: 0x000001de7e983f00
Event: 4.218 Thread 0x000001de7e982ac0 Thread exited: 0x000001de7e982ac0
Event: 4.761 Thread 0x000001de7e982ac0 Thread added: 0x000001de7e982ac0
Event: 4.766 Thread 0x000001de7e982fd0 Thread added: 0x000001de7e982fd0
Event: 4.882 Thread 0x000001de7e982fd0 Thread exited: 0x000001de7e982fd0
Event: 5.122 Thread 0x000001de7e982ac0 Thread exited: 0x000001de7e982ac0
Event: 16.004 Thread 0x000001de7e985850 Thread added: 0x000001de7e985850
Event: 16.234 Thread 0x000001de7e985850 Thread exited: 0x000001de7e985850
Event: 18.900 Thread 0x000001de7e9820a0 Thread added: 0x000001de7e9820a0
Event: 19.419 Thread 0x000001de7e9820a0 Thread exited: 0x000001de7e9820a0
Event: 28.800 loading class jdk/internal/misc/Signal$1
Event: 28.800 loading class jdk/internal/misc/Signal$1 done
Event: 28.800 Thread 0x000001de7e4123c0 Thread added: 0x000001de7e4123c0
Event: 28.800 Thread 0x000001de7e412d60 Thread added: 0x000001de7e412d60
Event: 28.800 Thread 0x000001de7e413700 Thread added: 0x000001de7e413700
Event: 28.801 Thread 0x000001de7e412d60 Thread exited: 0x000001de7e412d60
Event: 28.801 Thread 0x000001de7e413700 Thread exited: 0x000001de7e413700
Event: 28.801 Thread 0x000001de78c0fcc0 Thread exited: 0x000001de78c0fcc0


Dynamic libraries:
0x00007ff6b4ae0000 - 0x00007ff6b4aee000 	C:\Users\strange\.jdks\openjdk-17.0.2\bin\java.exe
0x00007fff940b0000 - 0x00007fff942c4000 	C:\WINDOWS\SYSTEM32\ntdll.dll
0x00007fff93210000 - 0x00007fff932d2000 	C:\WINDOWS\System32\KERNEL32.DLL
0x00007fff914d0000 - 0x00007fff91873000 	C:\WINDOWS\System32\KERNELBASE.dll
0x00007fff91880000 - 0x00007fff91991000 	C:\WINDOWS\System32\ucrtbase.dll
0x00007fff7ef00000 - 0x00007fff7ef18000 	C:\Users\strange\.jdks\openjdk-17.0.2\bin\jli.dll
0x00007fff7bc50000 - 0x00007fff7bc6a000 	C:\Users\strange\.jdks\openjdk-17.0.2\bin\VCRUNTIME140.dll
0x00007fff932e0000 - 0x00007fff9348b000 	C:\WINDOWS\System32\USER32.dll
0x00007fff91c30000 - 0x00007fff91c56000 	C:\WINDOWS\System32\win32u.dll
0x00007fff7e160000 - 0x00007fff7e3ee000 	C:\WINDOWS\WinSxS\amd64_microsoft.windows.common-controls_6595b64144ccf1df_6.0.22621.1635_none_270f70857386168e\COMCTL32.dll
0x00007fff93aa0000 - 0x00007fff93ac9000 	C:\WINDOWS\System32\GDI32.dll
0x00007fff92030000 - 0x00007fff920d7000 	C:\WINDOWS\System32\msvcrt.dll
0x00007fff919a0000 - 0x00007fff91ab8000 	C:\WINDOWS\System32\gdi32full.dll
0x00007fff91e10000 - 0x00007fff91eaa000 	C:\WINDOWS\System32\msvcp_win.dll
0x00007fff91f80000 - 0x00007fff91fb1000 	C:\WINDOWS\System32\IMM32.DLL
0x00007fff8ba80000 - 0x00007fff8ba8c000 	C:\Users\strange\.jdks\openjdk-17.0.2\bin\vcruntime140_1.dll
0x00007fff5a070000 - 0x00007fff5a0fd000 	C:\Users\strange\.jdks\openjdk-17.0.2\bin\msvcp140.dll
0x00007ffef6630000 - 0x00007ffef71f1000 	C:\Users\strange\.jdks\openjdk-17.0.2\bin\server\jvm.dll
0x00007fff92310000 - 0x00007fff923be000 	C:\WINDOWS\System32\ADVAPI32.dll
0x00007fff92240000 - 0x00007fff922e4000 	C:\WINDOWS\System32\sechost.dll
0x00007fff93980000 - 0x00007fff93a97000 	C:\WINDOWS\System32\RPCRT4.dll
0x00007fff92230000 - 0x00007fff92238000 	C:\WINDOWS\System32\PSAPI.DLL
0x00007fff70800000 - 0x00007fff70809000 	C:\WINDOWS\SYSTEM32\WSOCK32.dll
0x00007fff87360000 - 0x00007fff87394000 	C:\WINDOWS\SYSTEM32\WINMM.dll
0x00007fff87b70000 - 0x00007fff87b7a000 	C:\WINDOWS\SYSTEM32\VERSION.dll
0x00007fff920e0000 - 0x00007fff92151000 	C:\WINDOWS\System32\WS2_32.dll
0x00007fff90490000 - 0x00007fff904a8000 	C:\WINDOWS\SYSTEM32\kernel.appcore.dll
0x00007fff82e30000 - 0x00007fff82e3a000 	C:\Users\strange\.jdks\openjdk-17.0.2\bin\jimage.dll
0x00007fff7ff90000 - 0x00007fff801be000 	C:\WINDOWS\SYSTEM32\DBGHELP.DLL
0x00007fff92d80000 - 0x00007fff93109000 	C:\WINDOWS\System32\combase.dll
0x00007fff93520000 - 0x00007fff935f7000 	C:\WINDOWS\System32\OLEAUT32.dll
0x00007fff86670000 - 0x00007fff866a2000 	C:\WINDOWS\SYSTEM32\dbgcore.DLL
0x00007fff91d20000 - 0x00007fff91d9b000 	C:\WINDOWS\System32\bcryptPrimitives.dll
0x00007fff8baa0000 - 0x00007fff8baae000 	C:\Users\strange\.jdks\openjdk-17.0.2\bin\instrument.dll
0x00007fff7a200000 - 0x00007fff7a225000 	C:\Users\strange\.jdks\openjdk-17.0.2\bin\java.dll
0x00007fff59a20000 - 0x00007fff59af6000 	C:\Users\strange\.jdks\openjdk-17.0.2\bin\jsvml.dll
0x00007fff92580000 - 0x00007fff92d7a000 	C:\WINDOWS\System32\SHELL32.dll
0x00007fff8f480000 - 0x00007fff8fd4e000 	C:\WINDOWS\SYSTEM32\windows.storage.dll
0x00007fff8f340000 - 0x00007fff8f47e000 	C:\WINDOWS\SYSTEM32\wintypes.dll
0x00007fff93110000 - 0x00007fff93201000 	C:\WINDOWS\System32\SHCORE.dll
0x00007fff92160000 - 0x00007fff921be000 	C:\WINDOWS\System32\shlwapi.dll
0x00007fff91400000 - 0x00007fff91421000 	C:\WINDOWS\SYSTEM32\profapi.dll
0x00007fff7b710000 - 0x00007fff7b729000 	C:\Users\strange\.jdks\openjdk-17.0.2\bin\net.dll
0x00007fff8b5b0000 - 0x00007fff8b6e7000 	C:\WINDOWS\SYSTEM32\WINHTTP.dll
0x00007fff90940000 - 0x00007fff909a9000 	C:\WINDOWS\system32\mswsock.dll
0x00007fff79fa0000 - 0x00007fff79fb6000 	C:\Users\strange\.jdks\openjdk-17.0.2\bin\nio.dll
0x00007fff79e60000 - 0x00007fff79e78000 	C:\Users\strange\.jdks\openjdk-17.0.2\bin\zip.dll
0x00007fff7f100000 - 0x00007fff7f11a000 	C:\Program Files\JetBrains\IntelliJ IDEA 2021.3.2\bin\breakgen64.dll
0x000001de55140000 - 0x000001de55143000 	C:\Users\strange\.openjfx\cache\17.0.1\api-ms-win-core-console-l1-1-0.dll
0x000001de78390000 - 0x000001de78393000 	C:\Users\strange\.openjfx\cache\17.0.1\api-ms-win-core-console-l1-2-0.dll
0x000001de783a0000 - 0x000001de783a3000 	C:\Users\strange\.openjfx\cache\17.0.1\api-ms-win-core-datetime-l1-1-0.dll
0x000001de783b0000 - 0x000001de783b3000 	C:\Users\strange\.openjfx\cache\17.0.1\api-ms-win-core-debug-l1-1-0.dll
0x000001de783c0000 - 0x000001de783c3000 	C:\Users\strange\.openjfx\cache\17.0.1\api-ms-win-core-errorhandling-l1-1-0.dll
0x000001de783d0000 - 0x000001de783d4000 	C:\Users\strange\.openjfx\cache\17.0.1\api-ms-win-core-file-l1-1-0.dll
0x000001de783e0000 - 0x000001de783e3000 	C:\Users\strange\.openjfx\cache\17.0.1\api-ms-win-core-file-l1-2-0.dll
0x000001de783f0000 - 0x000001de783f3000 	C:\Users\strange\.openjfx\cache\17.0.1\api-ms-win-core-file-l2-1-0.dll
0x000001de79800000 - 0x000001de79803000 	C:\Users\strange\.openjfx\cache\17.0.1\api-ms-win-core-handle-l1-1-0.dll
0x000001de79810000 - 0x000001de79813000 	C:\Users\strange\.openjfx\cache\17.0.1\api-ms-win-core-heap-l1-1-0.dll
0x000001de79820000 - 0x000001de79823000 	C:\Users\strange\.openjfx\cache\17.0.1\api-ms-win-core-interlocked-l1-1-0.dll
0x000001de79830000 - 0x000001de79833000 	C:\Users\strange\.openjfx\cache\17.0.1\api-ms-win-core-libraryloader-l1-1-0.dll
0x000001de79840000 - 0x000001de79843000 	C:\Users\strange\.openjfx\cache\17.0.1\api-ms-win-core-localization-l1-2-0.dll
0x000001de79850000 - 0x000001de79853000 	C:\Users\strange\.openjfx\cache\17.0.1\api-ms-win-core-memory-l1-1-0.dll
0x000001de79860000 - 0x000001de79863000 	C:\Users\strange\.openjfx\cache\17.0.1\api-ms-win-core-namedpipe-l1-1-0.dll
0x000001de79870000 - 0x000001de79873000 	C:\Users\strange\.openjfx\cache\17.0.1\api-ms-win-core-processenvironment-l1-1-0.dll
0x000001de79880000 - 0x000001de79883000 	C:\Users\strange\.openjfx\cache\17.0.1\api-ms-win-core-processthreads-l1-1-0.dll
0x000001de79890000 - 0x000001de79893000 	C:\Users\strange\.openjfx\cache\17.0.1\api-ms-win-core-processthreads-l1-1-1.dll
0x000001de798a0000 - 0x000001de798a3000 	C:\Users\strange\.openjfx\cache\17.0.1\api-ms-win-core-profile-l1-1-0.dll
0x000001de798b0000 - 0x000001de798b3000 	C:\Users\strange\.openjfx\cache\17.0.1\api-ms-win-core-rtlsupport-l1-1-0.dll
0x000001de798c0000 - 0x000001de798c3000 	C:\Users\strange\.openjfx\cache\17.0.1\api-ms-win-core-string-l1-1-0.dll
0x000001de798d0000 - 0x000001de798d3000 	C:\Users\strange\.openjfx\cache\17.0.1\api-ms-win-core-synch-l1-1-0.dll
0x000001de798e0000 - 0x000001de798e3000 	C:\Users\strange\.openjfx\cache\17.0.1\api-ms-win-core-synch-l1-2-0.dll
0x000001de798f0000 - 0x000001de798f3000 	C:\Users\strange\.openjfx\cache\17.0.1\api-ms-win-core-sysinfo-l1-1-0.dll
0x000001de79900000 - 0x000001de79903000 	C:\Users\strange\.openjfx\cache\17.0.1\api-ms-win-core-timezone-l1-1-0.dll
0x000001de79910000 - 0x000001de79913000 	C:\Users\strange\.openjfx\cache\17.0.1\api-ms-win-core-util-l1-1-0.dll
0x000001de79920000 - 0x000001de79923000 	C:\Users\strange\.openjfx\cache\17.0.1\api-ms-win-crt-conio-l1-1-0.dll
0x000001de79930000 - 0x000001de79934000 	C:\Users\strange\.openjfx\cache\17.0.1\api-ms-win-crt-convert-l1-1-0.dll
0x000001de79940000 - 0x000001de79943000 	C:\Users\strange\.openjfx\cache\17.0.1\api-ms-win-crt-environment-l1-1-0.dll
0x000001de79950000 - 0x000001de79953000 	C:\Users\strange\.openjfx\cache\17.0.1\api-ms-win-crt-filesystem-l1-1-0.dll
0x000001de79960000 - 0x000001de79963000 	C:\Users\strange\.openjfx\cache\17.0.1\api-ms-win-crt-heap-l1-1-0.dll
0x000001de79970000 - 0x000001de79973000 	C:\Users\strange\.openjfx\cache\17.0.1\api-ms-win-crt-locale-l1-1-0.dll
0x000001de79980000 - 0x000001de79985000 	C:\Users\strange\.openjfx\cache\17.0.1\api-ms-win-crt-math-l1-1-0.dll
0x000001de79990000 - 0x000001de79995000 	C:\Users\strange\.openjfx\cache\17.0.1\api-ms-win-crt-multibyte-l1-1-0.dll
0x000001de799a0000 - 0x000001de799b0000 	C:\Users\strange\.openjfx\cache\17.0.1\api-ms-win-crt-private-l1-1-0.dll
0x000001de799b0000 - 0x000001de799b3000 	C:\Users\strange\.openjfx\cache\17.0.1\api-ms-win-crt-process-l1-1-0.dll
0x000001de799c0000 - 0x000001de799c4000 	C:\Users\strange\.openjfx\cache\17.0.1\api-ms-win-crt-runtime-l1-1-0.dll
0x000001de799d0000 - 0x000001de799d4000 	C:\Users\strange\.openjfx\cache\17.0.1\api-ms-win-crt-stdio-l1-1-0.dll
0x000001de799e0000 - 0x000001de799e4000 	C:\Users\strange\.openjfx\cache\17.0.1\api-ms-win-crt-string-l1-1-0.dll
0x000001de799f0000 - 0x000001de799f3000 	C:\Users\strange\.openjfx\cache\17.0.1\api-ms-win-crt-time-l1-1-0.dll
0x000001de79a00000 - 0x000001de79a03000 	C:\Users\strange\.openjfx\cache\17.0.1\api-ms-win-crt-utility-l1-1-0.dll
0x00007fff41a60000 - 0x00007fff41b5c000 	C:\Users\strange\.openjfx\cache\17.0.1\ucrtbase.dll
0x00007fff6ec40000 - 0x00007fff6ec5a000 	C:\Users\strange\.openjfx\cache\17.0.1\vcruntime140.dll
0x00007fff7a0d0000 - 0x00007fff7a0dc000 	C:\Users\strange\.openjfx\cache\17.0.1\vcruntime140_1.dll
0x00007fff419d0000 - 0x00007fff41a5d000 	C:\Users\strange\.openjfx\cache\17.0.1\msvcp140.dll
0x00007fff50de0000 - 0x00007fff50e0a000 	C:\Users\strange\.openjfx\cache\17.0.1\prism_d3d.dll
0x00007fff86d40000 - 0x00007fff86ee9000 	C:\WINDOWS\system32\d3d9.dll
0x00007fff8ece0000 - 0x00007fff8ed0b000 	C:\WINDOWS\SYSTEM32\dwmapi.dll
0x00007fff8eb90000 - 0x00007fff8ebc6000 	C:\WINDOWS\SYSTEM32\dxcore.dll
0x00007fff8ea50000 - 0x00007fff8eafb000 	C:\WINDOWS\system32\uxtheme.dll
0x00007fff87ba0000 - 0x00007fff87ca7000 	C:\WINDOWS\System32\DriverStore\FileRepository\nv_dispui.inf_amd64_9fd475b10ff158a2\nvldumdx.dll
0x00007fff91170000 - 0x00007fff91182000 	C:\WINDOWS\SYSTEM32\msasn1.dll
0x00007fff879d0000 - 0x00007fff87a02000 	C:\WINDOWS\SYSTEM32\cryptnet.dll
0x00007fff91ac0000 - 0x00007fff91c27000 	C:\WINDOWS\System32\CRYPT32.dll
0x00007fff87710000 - 0x00007fff87871000 	C:\WINDOWS\SYSTEM32\drvstore.dll
0x00007fff91190000 - 0x00007fff911bc000 	C:\WINDOWS\SYSTEM32\devobj.dll
0x00007fff911c0000 - 0x00007fff9120e000 	C:\WINDOWS\SYSTEM32\cfgmgr32.dll
0x00007fff90c30000 - 0x00007fff90c78000 	C:\WINDOWS\SYSTEM32\wldp.dll
0x00007fff90cb0000 - 0x00007fff90cbc000 	C:\WINDOWS\SYSTEM32\cryptbase.dll
0x00007fff91da0000 - 0x00007fff91e0b000 	C:\WINDOWS\System32\WINTRUST.DLL
0x00007fff922f0000 - 0x00007fff9230f000 	C:\WINDOWS\System32\imagehlp.dll
0x00007fff90d50000 - 0x00007fff90d6b000 	C:\WINDOWS\SYSTEM32\CRYPTSP.dll
0x00007fff90450000 - 0x00007fff90485000 	C:\WINDOWS\system32\rsaenh.dll
0x00007fff90e80000 - 0x00007fff90ea8000 	C:\WINDOWS\SYSTEM32\bcrypt.dll
0x00007fff3eaf0000 - 0x00007fff40278000 	C:\WINDOWS\System32\DriverStore\FileRepository\nv_dispui.inf_amd64_9fd475b10ff158a2\nvd3dumx.dll
0x00007fff8bc30000 - 0x00007fff8bc78000 	C:\WINDOWS\SYSTEM32\directxdatabasehelper.dll
0x00007fff4cc60000 - 0x00007fff4cca2000 	C:\Users\strange\.openjfx\cache\17.0.1\glass.dll
0x00007fff93600000 - 0x00007fff936f7000 	C:\WINDOWS\System32\COMDLG32.dll
0x00007fff93700000 - 0x00007fff9389c000 	C:\WINDOWS\System32\ole32.dll
0x00007fff93f50000 - 0x00007fff9406e000 	C:\WINDOWS\System32\MSCTF.dll
0x00007fff53880000 - 0x00007fff53b45000 	C:\WINDOWS\system32\nvspcap64.dll
0x00007fff90500000 - 0x00007fff90534000 	C:\WINDOWS\SYSTEM32\ntmarta.dll
0x00007fff909b0000 - 0x00007fff909d6000 	C:\WINDOWS\SYSTEM32\gpapi.dll
0x00007fff6ebc0000 - 0x00007fff6ebd4000 	C:\Users\strange\.openjfx\cache\17.0.1\javafx_font.dll
0x00007fff8d180000 - 0x00007fff8d3e7000 	C:\WINDOWS\SYSTEM32\dwrite.dll
0x00007fff91ed0000 - 0x00007fff91f80000 	C:\WINDOWS\System32\clbcatq.dll
0x00007fff8cbe0000 - 0x00007fff8cd90000 	C:\WINDOWS\SYSTEM32\WindowsCodecs.dll
0x00007fff70650000 - 0x00007fff706ae000 	C:\WINDOWS\system32\dataexchange.dll
0x00007fff88da0000 - 0x00007fff89017000 	C:\WINDOWS\system32\twinapi.appcore.dll
0x00007fff72d00000 - 0x00007fff72d32000 	C:\Program Files\Common Files\Microsoft Shared\Ink\rtscom.dll

dbghelp: loaded successfully - version: 4.0.5 - missing functions: none
symbol engine: initialized successfully - sym options: 0x614 - pdb path: .;C:\Users\strange\.jdks\openjdk-17.0.2\bin;C:\WINDOWS\SYSTEM32;C:\WINDOWS\WinSxS\amd64_microsoft.windows.common-controls_6595b64144ccf1df_6.0.22621.1635_none_270f70857386168e;C:\Users\strange\.jdks\openjdk-17.0.2\bin\server;C:\Program Files\JetBrains\IntelliJ IDEA 2021.3.2\bin;C:\Users\strange\.openjfx\cache\17.0.1;C:\WINDOWS\System32\DriverStore\FileRepository\nv_dispui.inf_amd64_9fd475b10ff158a2;C:\Program Files\Common Files\Microsoft Shared\Ink

VM Arguments:
jvm_args: -javaagent:C:\Program Files\JetBrains\IntelliJ IDEA 2021.3.2\lib\idea_rt.jar=49987:C:\Program Files\JetBrains\IntelliJ IDEA 2021.3.2\bin -Dfile.encoding=UTF-8 --module-path=C:\Users\strange\.m2\repository\com\fasterxml\jackson\datatype\jackson-datatype-jsr310\2.5.3\jackson-datatype-jsr310-2.5.3.jar;C:\Users\strange\Desktop\keepcode\target\classes;C:\Users\strange\.m2\repository\org\openjfx\javafx-base\17.0.1\javafx-base-17.0.1-win.jar;C:\Users\strange\.m2\repository\org\openjfx\javafx-controls\17.0.1\javafx-controls-17.0.1-win.jar;C:\Users\strange\.m2\repository\org\openjfx\javafx-graphics\17.0.1\javafx-graphics-17.0.1-win.jar;C:\Users\strange\.m2\repository\org\openjfx\javafx-fxml\17.0.1\javafx-fxml-17.0.1-win.jar;C:\Users\strange\.m2\repository\com\fasterxml\jackson\core\jackson-databind\2.5.3\jackson-databind-2.5.3.jar;C:\Users\strange\.m2\repository\com\fasterxml\jackson\core\jackson-annotations\2.5.0\jackson-annotations-2.5.0.jar;C:\Users\strange\.m2\repository\com\fasterxml\jackson\core\jackson-core\2.5.3\jackson-core-2.5.3.jar -Djdk.module.main=com.example.keepcode 
java_command: com.example.keepcode/com.example.keepcode.MainApplication
java_class_path (initial): C:\Users\strange\AppData\Local\Temp\classpath1919006107.jar
Launcher Type: SUN_STANDARD

[Global flags]
     intx CICompilerCount                          = 4                                         {product} {ergonomic}
     uint ConcGCThreads                            = 3                                         {product} {ergonomic}
     uint G1ConcRefinementThreads                  = 10                                        {product} {ergonomic}
   size_t G1HeapRegionSize                         = 2097152                                   {product} {ergonomic}
    uintx GCDrainStackTargetSize                   = 64                                        {product} {ergonomic}
   size_t InitialHeapSize                          = 266338304                                 {product} {ergonomic}
   size_t MarkStackSize                            = 4194304                                   {product} {ergonomic}
   size_t MaxHeapSize                              = 4257218560                                {product} {ergonomic}
   size_t MaxNewSize                               = 2554331136                                {product} {ergonomic}
   size_t MinHeapDeltaBytes                        = 2097152                                   {product} {ergonomic}
   size_t MinHeapSize                              = 8388608                                   {product} {ergonomic}
    uintx NonNMethodCodeHeapSize                   = 5839372                                {pd product} {ergonomic}
    uintx NonProfiledCodeHeapSize                  = 122909434                              {pd product} {ergonomic}
    uintx ProfiledCodeHeapSize                     = 122909434                              {pd product} {ergonomic}
    uintx ReservedCodeCacheSize                    = 251658240                              {pd product} {ergonomic}
     bool SegmentedCodeCache                       = true                                      {product} {ergonomic}
   size_t SoftMaxHeapSize                          = 4257218560                             {manageable} {ergonomic}
     bool UseCompressedClassPointers               = true                           {product lp64_product} {ergonomic}
     bool UseCompressedOops                        = true                           {product lp64_product} {ergonomic}
     bool UseG1GC                                  = true                                      {product} {ergonomic}
     bool UseLargePagesIndividualAllocation        = false                                  {pd product} {ergonomic}

Logging:
Log output configuration:
 #0: stdout all=off uptime,level,tags
 #1: stderr all=off uptime,level,tags

Environment Variables:
JAVA_HOME=C:\Program Files\Java\jdk-11.0.13
PATH=;C:\Program Files (x86)\Common Files\Oracle\Java\javapath;C:\Program Files\NVIDIA GPU Computing Toolkit\CUDA\v11.6\bin;C:\Program Files\NVIDIA GPU Computing Toolkit\CUDA\v11.6\libnvvp;C:\Program Files\Common Files\Oracle\Java\javapath;C:\Windows\system32;C:\Windows;C:\Windows\System32\Wbem;C:\Windows\System32\WindowsPowerShell\v1.0\;C:\Windows\System32\OpenSSH\;D:\Program Files\Aladdin\eToken\PKIClient\x32;D:\Program Files\Aladdin\eToken\PKIClient\x64;C:\Program Files\Git\cmd;C:\Program Files (x86)\NVIDIA Corporation\PhysX\Common;C:\Program Files\NVIDIA Corporation\Nsight Compute 2022.1.0\;C:\Program Files\NVIDIA Corporation\NVIDIA NvDLISR;C:\Program Files\PostgreSQL\13\bin;C:\Program Files\Docker\Docker\resources\bin;C:\WINDOWS\system32;C:\WINDOWS;C:\WINDOWS\System32\Wbem;C:\WINDOWS\System32\WindowsPowerShell\v1.0\;C:\WINDOWS\System32\OpenSSH\;C:\Gradle\gradle-4.4.1\bin;C:\Program Files\nodejs\;C:\Program Files\dotnet\;C:\Program Files\Microsoft SQL Server\150\Tools\Binn\;C:\Program Files\Microsoft SQL Server\Client SDK\ODBC\170\Tools\Binn\;C:\Program Files\PuTTY\;C:\Program Files\Docker\Docker\resources\bin;C:\Users\strange\AppData\Local\Programs\Python\Python310\Scripts\;C:\Users\strange\AppData\Local\Programs\Python\Python310\;C:\Users\strange\AppData\Local\Microsoft\WindowsApps;C:\Program Files\JetBrains\IntelliJ IDEA 2020.1.2\bin;C:\Program Files\Java\jdk-11.0.13\bin;D:\Program Files\Maven\apache-maven-3.8.4\bin;C:\Program Files\PostgreSQL\13\bin;C:\Program Files\Docker\Docker\resources\bin;C:\Users\strange\spicetify-cli;C:\Gradle\gradle-4.4.1\bin;C:\Program Files\JetBrains\IntelliJ IDEA 2021.3.2\bin;C:\Program Files\JetBrains\WebStorm 2022.1\bin;;C:\Users\strange\AppData\Roaming\npm;C:\Users\strange\AppData\Local\Microsoft\WindowsApps;C:\Users\strange\.dotnet\tools;E:\kubernetes;E:\kubernetes\windows-amd64;
USERNAME=strange
OS=Windows_NT
PROCESSOR_IDENTIFIER=Intel64 Family 6 Model 165 Stepping 3, GenuineIntel



---------------  S Y S T E M  ---------------

OS:
 Windows 11 , 64 bit Build 22621 (10.0.22621.1635)
OS uptime: 2 days 15:18 hours
Hyper-V role detected

CPU: total 12 (initial active 12) (6 cores per cpu, 2 threads per core) family 6 model 165 stepping 3 microcode 0xe0, cx8, cmov, fxsr, ht, mmx, 3dnowpref, sse, sse2, sse3, ssse3, sse4.1, sse4.2, popcnt, lzcnt, tsc, tscinvbit, avx, avx2, aes, erms, clmul, bmi1, bmi2, adx, fma, vzeroupper, clflush, clflushopt, hv

Memory: 4k page, system-wide physical 16239M (3082M free)
TotalPageFile size 36379M (AvailPageFile size 6098M)
current process WorkingSet (physical memory assigned to process): 137M, peak: 166M
current process commit charge ("private bytes"): 246M, peak: 421M

vm_info: OpenJDK 64-Bit Server VM (17.0.2+8-86) for windows-amd64 JRE (17.0.2+8-86), built on Dec  7 2021 21:49:10 by "mach5one" with MS VC++ 16.8 / 16.9 (VS2019)

END.
